app/build/outputs/logs/manifest-merger-debug-report.txt
-- Merging decision tree log ---
manifest
ADDED from src/main/AndroidManifest.xml:2:1-43:12
	package
		ADDED from src/main/AndroidManifest.xml:3:5-46
		INJECTED from src/main/AndroidManifest.xml
		INJECTED from src/main/AndroidManifest.xml
	android:versionName
		ADDED from src/main/AndroidManifest.xml:5:5-30
		INJECTED from src/main/AndroidManifest.xml
		INJECTED from src/main/AndroidManifest.xml
	android:versionCode
		ADDED from src/main/AndroidManifest.xml:4:5-28
		INJECTED from src/main/AndroidManifest.xml
		INJECTED from src/main/AndroidManifest.xml
	xmlns:android
		ADDED from src/main/AndroidManifest.xml:2:11-69
uses-sdk
ADDED from src/main/AndroidManifest.xml:7:5-9:41
MERGED from [meditation:muse:unspecified] AndroidManifest.xml:7:5-9:41
MERGED from [com.android.support:support-v4:23.1.1] AndroidManifest.xml:20:5-43
	android:targetSdkVersion
		ADDED from src/main/AndroidManifest.xml:9:9-38
		INJECTED from src/main/AndroidManifest.xml
		INJECTED from src/main/AndroidManifest.xml
	android:minSdkVersion
		ADDED from src/main/AndroidManifest.xml:8:9-35
		INJECTED from src/main/AndroidManifest.xml
		INJECTED from src/main/AndroidManifest.xml
uses-permission#android.permission.INTERNET
ADDED from src/main/AndroidManifest.xml:11:5-67
	android:name
		ADDED from src/main/AndroidManifest.xml:11:22-64
application
ADDED from src/main/AndroidManifest.xml:14:5-42:19
MERGED from [meditation:muse:unspecified] AndroidManifest.xml:16:5-26:19
MERGED from [com.android.support:support-v4:23.1.1] AndroidManifest.xml:22:5-20
	android:label
		ADDED from src/main/AndroidManifest.xml:17:9-41
	android:allowBackup
		ADDED from src/main/AndroidManifest.xml:15:9-35
	android:icon
		ADDED from src/main/AndroidManifest.xml:16:9-45
	android:theme
		ADDED from src/main/AndroidManifest.xml:18:9-40
activity#com.philips.lighting.quickstart.PHHomeActivity
ADDED from src/main/AndroidManifest.xml:19:9-27:20
	android:label
		ADDED from src/main/AndroidManifest.xml:21:13-45
	android:name
		ADDED from src/main/AndroidManifest.xml:20:13-74
intent-filter#android.intent.action.MAIN+android.intent.category.LAUNCHER
ADDED from src/main/AndroidManifest.xml:22:13-26:29
action#android.intent.action.MAIN
ADDED from src/main/AndroidManifest.xml:23:17-69
	android:name
		ADDED from src/main/AndroidManifest.xml:23:25-66
category#android.intent.category.LAUNCHER
ADDED from src/main/AndroidManifest.xml:25:17-77
	android:name
		ADDED from src/main/AndroidManifest.xml:25:27-74
activity#com.choosemuse.example.libmuse.MainActivity
ADDED from src/main/AndroidManifest.xml:28:9-32:20
MERGED from [meditation:muse:unspecified] AndroidManifest.xml:21:9-25:20
	android:screenOrientation
		ADDED from src/main/AndroidManifest.xml:30:13-49
	android:label
		ADDED from src/main/AndroidManifest.xml:31:13-45
	android:name
		ADDED from src/main/AndroidManifest.xml:29:13-71
activity#com.philips.lighting.quickstart.MyApplicationActivity
ADDED from src/main/AndroidManifest.xml:33:6-36:17
	android:label
		ADDED from src/main/AndroidManifest.xml:35:11-52
	android:name
		ADDED from src/main/AndroidManifest.xml:34:11-79
activity#com.philips.lighting.quickstart.PHPushlinkActivity
ADDED from src/main/AndroidManifest.xml:37:6-40:18
	android:label
		ADDED from src/main/AndroidManifest.xml:39:11-43
	android:name
		ADDED from src/main/AndroidManifest.xml:38:11-76
uses-permission#android.permission.ACCESS_COARSE_LOCATION
ADDED from [meditation:muse:unspecified] AndroidManifest.xml:11:5-81
	android:name
		ADDED from [meditation:muse:unspecified] AndroidManifest.xml:11:22-78
uses-permission#android.permission.BLUETOOTH
ADDED from [meditation:muse:unspecified] AndroidManifest.xml:12:5-68
	android:name
		ADDED from [meditation:muse:unspecified] AndroidManifest.xml:12:22-65
uses-permission#android.permission.BLUETOOTH_ADMIN
ADDED from [meditation:muse:unspecified] AndroidManifest.xml:13:5-74
	android:name
		ADDED from [meditation:muse:unspecified] AndroidManifest.xml:13:22-71
uses-permission#android.permission.WRITE_EXTERNAL_STORAGE
ADDED from [meditation:muse:unspecified] AndroidManifest.xml:14:5-81
	android:name
		ADDED from [meditation:muse:unspecified] AndroidManifest.xml:14:22-78